<?xml version="1.0" encoding="UTF-8"?>
<!-- Generated by org.testng.reporters.JUnitXMLReporter -->
<testsuite ignored="0" hostname="Sony-PC" failures="0" tests="3" name="Command line test" time="0.062" errors="0" timestamp="2021-06-06T19:47:35 IST">
  <testcase classname="Selenium.MavenProject.AppiumTest" name="appium" time="0.006"/>
  <testcase classname="Selenium.MavenProject.RestAPITest" name="restAPI" time="0.001"/>
  <testcase classname="Selenium.MavenProject.SeleniumTest" name="selenium" time="0.001"/>
</testsuite> <!-- Command line test -->
