<?xml version="1.0" encoding="UTF-8"?>
<testng-results ignored="0" total="3" passed="3" failed="0" skipped="0">
  <reporter-output>
  </reporter-output>
  <suite started-at="2021-06-06T19:47:34 IST" name="Command line suite" finished-at="2021-06-06T19:47:35 IST" duration-ms="62">
    <groups>
    </groups>
    <test started-at="2021-06-06T19:47:34 IST" name="Command line test" finished-at="2021-06-06T19:47:35 IST" duration-ms="62">
      <class name="Selenium.MavenProject.SeleniumTest">
        <test-method signature="selenium()[pri:0, instance:Selenium.MavenProject.SeleniumTest@442675e1]" started-at="2021-06-06T19:47:35 IST" name="selenium" finished-at="2021-06-06T19:47:35 IST" duration-ms="1" status="PASS">
          <reporter-output>
          </reporter-output>
        </test-method> <!-- selenium -->
      </class> <!-- Selenium.MavenProject.SeleniumTest -->
      <class name="Selenium.MavenProject.RestAPITest">
        <test-method signature="restAPI()[pri:0, instance:Selenium.MavenProject.RestAPITest@71248c21]" started-at="2021-06-06T19:47:35 IST" name="restAPI" finished-at="2021-06-06T19:47:35 IST" duration-ms="1" status="PASS">
          <reporter-output>
          </reporter-output>
        </test-method> <!-- restAPI -->
      </class> <!-- Selenium.MavenProject.RestAPITest -->
      <class name="Selenium.MavenProject.AppiumTest">
        <test-method signature="appium()[pri:0, instance:Selenium.MavenProject.AppiumTest@21a947fe]" started-at="2021-06-06T19:47:35 IST" name="appium" finished-at="2021-06-06T19:47:35 IST" duration-ms="6" status="PASS">
          <reporter-output>
          </reporter-output>
        </test-method> <!-- appium -->
      </class> <!-- Selenium.MavenProject.AppiumTest -->
    </test> <!-- Command line test -->
  </suite> <!-- Command line suite -->
</testng-results>
